Unity Editor version:    2021.3.20f1 (577897200b8b)
Branch:                  2021.3/staging
Build type:              Release
Batch mode:              YES
macOS version:           Version 13.0.1 (Build 22A400)
Darwin version:          22.1.0
Architecture:            x86_64
Running under Rosetta:   NO
Available memory:        8192 MB
Using pre-set license
Pro License: YES

COMMAND LINE ARGUMENTS:
/Applications/Unity/Hub/Editor/2021.3.20f1/Unity.app/Contents/MacOS/Unity
-adb2
-batchMode
-noUpm
-name
AssetImportWorker0
-projectPath
/Users/lina_aouadi/Documents/SMB/SuperMarioBros/MyProject
-logFile
Logs/AssetImportWorker0.log
-srvPort
62438
Successfully changed project path to: /Users/lina_aouadi/Documents/SMB/SuperMarioBros/MyProject
/Users/lina_aouadi/Documents/SMB/SuperMarioBros/MyProject
[UnityMemory] Configuration Parameters - Can be set up in boot.config
    "memorysetup-bucket-allocator-granularity=16"
    "memorysetup-bucket-allocator-bucket-count=8"
    "memorysetup-bucket-allocator-block-size=33554432"
    "memorysetup-bucket-allocator-block-count=8"
    "memorysetup-main-allocator-block-size=16777216"
    "memorysetup-thread-allocator-block-size=16777216"
    "memorysetup-gfx-main-allocator-block-size=16777216"
    "memorysetup-gfx-thread-allocator-block-size=16777216"
    "memorysetup-cache-allocator-block-size=4194304"
    "memorysetup-typetree-allocator-block-size=2097152"
    "memorysetup-profiler-bucket-allocator-granularity=16"
    "memorysetup-profiler-bucket-allocator-bucket-count=8"
    "memorysetup-profiler-bucket-allocator-block-size=33554432"
    "memorysetup-profiler-bucket-allocator-block-count=8"
    "memorysetup-profiler-allocator-block-size=16777216"
    "memorysetup-profiler-editor-allocator-block-size=1048576"
    "memorysetup-temp-allocator-size-main=16777216"
    "memorysetup-job-temp-allocator-block-size=2097152"
    "memorysetup-job-temp-allocator-block-size-background=1048576"
    "memorysetup-job-temp-allocator-reduction-small-platforms=262144"
    "memorysetup-temp-allocator-size-background-worker=32768"
    "memorysetup-temp-allocator-size-job-worker=262144"
    "memorysetup-temp-allocator-size-preload-manager=33554432"
    "memorysetup-temp-allocator-size-nav-mesh-worker=65536"
    "memorysetup-temp-allocator-size-audio-worker=65536"
    "memorysetup-temp-allocator-size-cloud-worker=32768"
    "memorysetup-temp-allocator-size-gi-baking-worker=262144"
    "memorysetup-temp-allocator-size-gfx=262144"
Player connection [140704388682944] Host "[IP] 10.57.28.229 [Port] 0 [Flags] 2 [Guid] 1092604354 [EditorId] 1092604354 [Version] 1048832 [Id] OSXEditor(0,macbook-pro.edu.sir) [Debug] 1 [PackageName] OSXEditor [ProjectName] Editor" joined multi-casting on [225.0.0.222:54997]...

Player connection [140704388682944] Host "[IP] 10.57.28.229 [Port] 0 [Flags] 2 [Guid] 1092604354 [EditorId] 1092604354 [Version] 1048832 [Id] OSXEditor(0,macbook-pro.edu.sir) [Debug] 1 [PackageName] OSXEditor [ProjectName] Editor" joined alternative multi-casting on [225.0.0.222:34997]...

Refreshing native plugins compatible for Editor in 284.93 ms, found 3 plugins.
Preloading 0 native plugins for Editor in 0.00 ms.
Initialize engine version: 2021.3.20f1 (577897200b8b)
[Subsystems] Discovering subsystems at path /Applications/Unity/Hub/Editor/2021.3.20f1/Unity.app/Contents/Resources/UnitySubsystems
[Subsystems] Discovering subsystems at path /Users/lina_aouadi/Documents/SMB/SuperMarioBros/MyProject/Assets
GfxDevice: creating device client; threaded=0; jobified=0
Color LCD preferred device: Intel(R) Iris(TM) Plus Graphics 640 (low power)
Metal devices available: 1
0: Intel(R) Iris(TM) Plus Graphics 640 (low power)
Using device Intel(R) Iris(TM) Plus Graphics 640 (low power)
Initializing Metal device caps: Intel(R) Iris(TM) Plus Graphics 640
Initialize mono
Mono path[0] = '/Applications/Unity/Hub/Editor/2021.3.20f1/Unity.app/Contents/Managed'
Mono path[1] = '/Applications/Unity/Hub/Editor/2021.3.20f1/Unity.app/Contents/MonoBleedingEdge/lib/mono/unityjit-macos'
Mono config path = '/Applications/Unity/Hub/Editor/2021.3.20f1/Unity.app/Contents/MonoBleedingEdge/etc'
Using monoOptions --debugger-agent=transport=dt_socket,embedding=1,server=y,suspend=n,address=127.0.0.1:56853
Begin MonoManager ReloadAssembly
Registering precompiled unity dll's ...
Register platform support module: /Applications/Unity/Hub/Editor/2021.3.20f1/Unity.app/Contents/PlaybackEngines/MacStandaloneSupport/UnityEditor.OSXStandalone.Extensions.dll
Registered in 0.005404 seconds.
Native extension for OSXStandalone target not found
Refreshing native plugins compatible for Editor in 166.66 ms, found 3 plugins.
Preloading 0 native plugins for Editor in 0.00 ms.
Mono: successfully reloaded assembly
- Completed reload, in  1.507 seconds
Domain Reload Profiling:
	ReloadAssembly (1511ms)
		BeginReloadAssembly (250ms)
			ExecutionOrderSort (0ms)
			DisableScriptedObjects (0ms)
			BackupInstance (0ms)
			ReleaseScriptingObjects (0ms)
			CreateAndSetChildDomain (1ms)
		EndReloadAssembly (1008ms)
			LoadAssemblies (251ms)
			RebuildTransferFunctionScriptingTraits (0ms)
			SetupTypeCache (209ms)
			ReleaseScriptCaches (0ms)
			RebuildScriptCaches (57ms)
			SetupLoadedEditorAssemblies (589ms)
				LogAssemblyErrors (0ms)
				InitializePlatformSupportModulesInManaged (10ms)
				SetLoadedEditorAssemblies (1ms)
				RefreshPlugins (167ms)
				BeforeProcessingInitializeOnLoad (3ms)
				ProcessInitializeOnLoadAttributes (333ms)
				ProcessInitializeOnLoadMethodAttributes (75ms)
				AfterProcessingInitializeOnLoad (0ms)
				EditorAssembliesLoaded (0ms)
			ExecutionOrderSort2 (0ms)
			AwakeInstancesAfterBackupRestoration (0ms)
Platform modules already initialized, skipping
Registering precompiled user dll's ...
Registered in 0.017716 seconds.
Begin MonoManager ReloadAssembly
Symbol file LoadedFromMemory doesn't match image /Users/lina_aouadi/Documents/SMB/SuperMarioBros/MyProject/Library/PackageCache/com.unity.visualscripting@1.8.0/Editor/VisualScripting.Core/Dependencies/YamlDotNet/Unity.VisualScripting.YamlDotNet.dll
Symbol file LoadedFromMemory doesn't match image /Users/lina_aouadi/Documents/SMB/SuperMarioBros/MyProject/Library/PackageCache/com.unity.visualscripting@1.8.0/Editor/VisualScripting.Core/Dependencies/DotNetZip/Unity.VisualScripting.IonicZip.dll
Native extension for OSXStandalone target not found
Refreshing native plugins compatible for Editor in 208.49 ms, found 3 plugins.
Preloading 0 native plugins for Editor in 0.00 ms.
Mono: successfully reloaded assembly
- Completed reload, in  2.649 seconds
Domain Reload Profiling:
	ReloadAssembly (2651ms)
		BeginReloadAssembly (260ms)
			ExecutionOrderSort (0ms)
			DisableScriptedObjects (16ms)
			BackupInstance (0ms)
			ReleaseScriptingObjects (0ms)
			CreateAndSetChildDomain (60ms)
		EndReloadAssembly (2142ms)
			LoadAssemblies (176ms)
			RebuildTransferFunctionScriptingTraits (0ms)
			SetupTypeCache (638ms)
			ReleaseScriptCaches (1ms)
			RebuildScriptCaches (148ms)
			SetupLoadedEditorAssemblies (1094ms)
				LogAssemblyErrors (0ms)
				InitializePlatformSupportModulesInManaged (7ms)
				SetLoadedEditorAssemblies (0ms)
				RefreshPlugins (209ms)
				BeforeProcessingInitializeOnLoad (160ms)
				ProcessInitializeOnLoadAttributes (625ms)
				ProcessInitializeOnLoadMethodAttributes (87ms)
				AfterProcessingInitializeOnLoad (6ms)
				EditorAssembliesLoaded (0ms)
			ExecutionOrderSort2 (0ms)
			AwakeInstancesAfterBackupRestoration (8ms)
Platform modules already initialized, skipping
========================================================================
Worker process is ready to serve import requests
Launching external process: /Applications/Unity/Hub/Editor/2021.3.20f1/Unity.app/Contents/Tools/UnityShaderCompiler
Launched and connected shader compiler UnityShaderCompiler after 0.18 seconds
Refreshing native plugins compatible for Editor in 2.59 ms, found 3 plugins.
Preloading 0 native plugins for Editor in 0.00 ms.
Unloading 3740 Unused Serialized files (Serialized files now loaded: 0)
Unloading 35 unused Assets / (40.1 KB). Loaded Objects now: 4201.
Memory consumption went from 137.4 MB to 137.3 MB.
Total: 8.544748 ms (FindLiveObjects: 0.488739 ms CreateObjectMapping: 0.420484 ms MarkObjects: 7.356267 ms  DeleteObjects: 0.276314 ms)

AssetImportParameters requested are different than current active one (requested -> active):
  custom:video-decoder-ogg-theora: a1e56fd34408186e4bbccfd4996cb3dc -> 
  custom:container-muxer-webm: aa71ff27fc2769a1b78a27578f13a17b -> 
  custom:container-demuxer-webm: 4f35f7cbe854078d1ac9338744f61a02 -> 
  custom:video-encoder-webm-vp8: eb34c28f22e8b96e1ab97ce403110664 -> 
  custom:framework-osx-AVFoundation: e770b220cccbd017edd2c1fefb359320 -> 
  custom:audio-encoder-webm-vorbis: bf7c407c2cedff20999df2af8eb42d56 -> 
  custom:container-demuxer-ogg: 62fdf1f143b41e24485cea50d1cbac27 -> 
  custom:video-decoder-webm-vp8: 9c59270c3fd7afecdb556c50c9e8de78 -> 
  custom:audio-decoder-ogg-vorbis: bf7c407c2cedff20999df2af8eb42d56 -> 
========================================================================
Received Prepare
Registering precompiled user dll's ...
Registered in 0.006995 seconds.
Begin MonoManager ReloadAssembly
Symbol file LoadedFromMemory doesn't match image /Users/lina_aouadi/Documents/SMB/SuperMarioBros/MyProject/Library/PackageCache/com.unity.visualscripting@1.8.0/Editor/VisualScripting.Core/Dependencies/YamlDotNet/Unity.VisualScripting.YamlDotNet.dll
Symbol file LoadedFromMemory doesn't match image /Users/lina_aouadi/Documents/SMB/SuperMarioBros/MyProject/Library/PackageCache/com.unity.visualscripting@1.8.0/Editor/VisualScripting.Core/Dependencies/DotNetZip/Unity.VisualScripting.IonicZip.dll
Native extension for OSXStandalone target not found
Refreshing native plugins compatible for Editor in 1.10 ms, found 3 plugins.
Preloading 0 native plugins for Editor in 0.00 ms.
Mono: successfully reloaded assembly
- Completed reload, in  2.553 seconds
Domain Reload Profiling:
	ReloadAssembly (2556ms)
		BeginReloadAssembly (285ms)
			ExecutionOrderSort (0ms)
			DisableScriptedObjects (16ms)
			BackupInstance (0ms)
			ReleaseScriptingObjects (0ms)
			CreateAndSetChildDomain (103ms)
		EndReloadAssembly (2061ms)
			LoadAssemblies (173ms)
			RebuildTransferFunctionScriptingTraits (0ms)
			SetupTypeCache (672ms)
			ReleaseScriptCaches (3ms)
			RebuildScriptCaches (167ms)
			SetupLoadedEditorAssemblies (923ms)
				LogAssemblyErrors (0ms)
				InitializePlatformSupportModulesInManaged (8ms)
				SetLoadedEditorAssemblies (1ms)
				RefreshPlugins (1ms)
				BeforeProcessingInitializeOnLoad (126ms)
				ProcessInitializeOnLoadAttributes (661ms)
				ProcessInitializeOnLoadMethodAttributes (116ms)
				AfterProcessingInitializeOnLoad (9ms)
				EditorAssembliesLoaded (0ms)
			ExecutionOrderSort2 (0ms)
			AwakeInstancesAfterBackupRestoration (22ms)
Platform modules already initialized, skipping
Refreshing native plugins compatible for Editor in 4.60 ms, found 3 plugins.
Preloading 0 native plugins for Editor in 0.00 ms.
Unloading 3729 Unused Serialized files (Serialized files now loaded: 0)
Unloading 22 unused Assets / (22.0 KB). Loaded Objects now: 4204.
Memory consumption went from 136.5 MB to 136.5 MB.
Total: 9.024513 ms (FindLiveObjects: 0.544359 ms CreateObjectMapping: 0.382665 ms MarkObjects: 8.026078 ms  DeleteObjects: 0.069781 ms)

AssetImportParameters requested are different than current active one (requested -> active):
  custom:video-decoder-ogg-theora: a1e56fd34408186e4bbccfd4996cb3dc -> 
  custom:container-muxer-webm: aa71ff27fc2769a1b78a27578f13a17b -> 
  custom:container-demuxer-webm: 4f35f7cbe854078d1ac9338744f61a02 -> 
  custom:video-encoder-webm-vp8: eb34c28f22e8b96e1ab97ce403110664 -> 
  custom:framework-osx-AVFoundation: e770b220cccbd017edd2c1fefb359320 -> 
  custom:audio-encoder-webm-vorbis: bf7c407c2cedff20999df2af8eb42d56 -> 
  custom:container-demuxer-ogg: 62fdf1f143b41e24485cea50d1cbac27 -> 
  custom:video-decoder-webm-vp8: 9c59270c3fd7afecdb556c50c9e8de78 -> 
  custom:audio-decoder-ogg-vorbis: bf7c407c2cedff20999df2af8eb42d56 -> 
========================================================================
Received Import Request.
  Time since last request: 140070.999866 seconds.
  path: Assets/SauvScene/Level 1.unity
  artifactKey: Guid(f266155588822406bba396b479a7b929) Importer(815301076,1909f56bfc062723c751e8b465ee728b)
Start importing Assets/SauvScene/Level 1.unity using Guid(f266155588822406bba396b479a7b929) Importer(815301076,1909f56bfc062723c751e8b465ee728b)  -> (artifact id: 'd67a210d15071d225f500194cf25fbdf') in 0.021888 seconds 
========================================================================
Received Prepare
Registering precompiled user dll's ...
Registered in 0.007894 seconds.
Begin MonoManager ReloadAssembly
Symbol file LoadedFromMemory doesn't match image /Users/lina_aouadi/Documents/SMB/SuperMarioBros/MyProject/Library/PackageCache/com.unity.visualscripting@1.8.0/Editor/VisualScripting.Core/Dependencies/YamlDotNet/Unity.VisualScripting.YamlDotNet.dll
Symbol file LoadedFromMemory doesn't match image /Users/lina_aouadi/Documents/SMB/SuperMarioBros/MyProject/Library/PackageCache/com.unity.visualscripting@1.8.0/Editor/VisualScripting.Core/Dependencies/DotNetZip/Unity.VisualScripting.IonicZip.dll
Native extension for OSXStandalone target not found
Refreshing native plugins compatible for Editor in 3.73 ms, found 3 plugins.
Preloading 0 native plugins for Editor in 0.00 ms.
Mono: successfully reloaded assembly
- Completed reload, in  2.752 seconds
Domain Reload Profiling:
	ReloadAssembly (2755ms)
		BeginReloadAssembly (307ms)
			ExecutionOrderSort (0ms)
			DisableScriptedObjects (18ms)
			BackupInstance (0ms)
			ReleaseScriptingObjects (0ms)
			CreateAndSetChildDomain (128ms)
		EndReloadAssembly (2231ms)
			LoadAssemblies (178ms)
			RebuildTransferFunctionScriptingTraits (0ms)
			SetupTypeCache (757ms)
			ReleaseScriptCaches (2ms)
			RebuildScriptCaches (155ms)
			SetupLoadedEditorAssemblies (968ms)
				LogAssemblyErrors (0ms)
				InitializePlatformSupportModulesInManaged (10ms)
				SetLoadedEditorAssemblies (1ms)
				RefreshPlugins (4ms)
				BeforeProcessingInitializeOnLoad (165ms)
				ProcessInitializeOnLoadAttributes (682ms)
				ProcessInitializeOnLoadMethodAttributes (98ms)
				AfterProcessingInitializeOnLoad (7ms)
				EditorAssembliesLoaded (0ms)
			ExecutionOrderSort2 (0ms)
			AwakeInstancesAfterBackupRestoration (19ms)
Platform modules already initialized, skipping
Refreshing native plugins compatible for Editor in 9.34 ms, found 3 plugins.
Preloading 0 native plugins for Editor in 0.00 ms.
Unloading 3729 Unused Serialized files (Serialized files now loaded: 0)
Unloading 22 unused Assets / (22.0 KB). Loaded Objects now: 4207.
Memory consumption went from 136.2 MB to 136.2 MB.
Total: 8.597388 ms (FindLiveObjects: 0.495821 ms CreateObjectMapping: 0.497231 ms MarkObjects: 7.560464 ms  DeleteObjects: 0.042334 ms)

AssetImportParameters requested are different than current active one (requested -> active):
  custom:video-decoder-ogg-theora: a1e56fd34408186e4bbccfd4996cb3dc -> 
  custom:container-muxer-webm: aa71ff27fc2769a1b78a27578f13a17b -> 
  custom:container-demuxer-webm: 4f35f7cbe854078d1ac9338744f61a02 -> 
  custom:video-encoder-webm-vp8: eb34c28f22e8b96e1ab97ce403110664 -> 
  custom:framework-osx-AVFoundation: e770b220cccbd017edd2c1fefb359320 -> 
  custom:audio-encoder-webm-vorbis: bf7c407c2cedff20999df2af8eb42d56 -> 
  custom:container-demuxer-ogg: 62fdf1f143b41e24485cea50d1cbac27 -> 
  custom:video-decoder-webm-vp8: 9c59270c3fd7afecdb556c50c9e8de78 -> 
  custom:audio-decoder-ogg-vorbis: bf7c407c2cedff20999df2af8eb42d56 -> 
========================================================================
Received Import Request.
  Time since last request: 717.769465 seconds.
  path: Assets/controller.cs
  artifactKey: Guid(18dddd259a7bd4d9da5ef86cad7e152c) Importer(815301076,1909f56bfc062723c751e8b465ee728b)
Start importing Assets/controller.cs using Guid(18dddd259a7bd4d9da5ef86cad7e152c) Importer(815301076,1909f56bfc062723c751e8b465ee728b)  -> (artifact id: '9287bdbad1f73910c0b9afaf922d2487') in 1.292026 seconds 
========================================================================
Received Prepare
Registering precompiled user dll's ...
Registered in 0.006534 seconds.
Begin MonoManager ReloadAssembly
Symbol file LoadedFromMemory doesn't match image /Users/lina_aouadi/Documents/SMB/SuperMarioBros/MyProject/Library/PackageCache/com.unity.visualscripting@1.8.0/Editor/VisualScripting.Core/Dependencies/YamlDotNet/Unity.VisualScripting.YamlDotNet.dll
Symbol file LoadedFromMemory doesn't match image /Users/lina_aouadi/Documents/SMB/SuperMarioBros/MyProject/Library/PackageCache/com.unity.visualscripting@1.8.0/Editor/VisualScripting.Core/Dependencies/DotNetZip/Unity.VisualScripting.IonicZip.dll
Native extension for OSXStandalone target not found
Refreshing native plugins compatible for Editor in 1.21 ms, found 3 plugins.
Preloading 0 native plugins for Editor in 0.00 ms.
Mono: successfully reloaded assembly
- Completed reload, in  2.986 seconds
Domain Reload Profiling:
	ReloadAssembly (2988ms)
		BeginReloadAssembly (521ms)
			ExecutionOrderSort (0ms)
			DisableScriptedObjects (32ms)
			BackupInstance (0ms)
			ReleaseScriptingObjects (0ms)
			CreateAndSetChildDomain (271ms)
		EndReloadAssembly (2282ms)
			LoadAssemblies (319ms)
			RebuildTransferFunctionScriptingTraits (0ms)
			SetupTypeCache (701ms)
			ReleaseScriptCaches (2ms)
			RebuildScriptCaches (198ms)
			SetupLoadedEditorAssemblies (1000ms)
				LogAssemblyErrors (0ms)
				InitializePlatformSupportModulesInManaged (10ms)
				SetLoadedEditorAssemblies (1ms)
				RefreshPlugins (1ms)
				BeforeProcessingInitializeOnLoad (136ms)
				ProcessInitializeOnLoadAttributes (770ms)
				ProcessInitializeOnLoadMethodAttributes (78ms)
				AfterProcessingInitializeOnLoad (3ms)
				EditorAssembliesLoaded (0ms)
			ExecutionOrderSort2 (0ms)
			AwakeInstancesAfterBackupRestoration (13ms)
Platform modules already initialized, skipping
Refreshing native plugins compatible for Editor in 4.05 ms, found 3 plugins.
Preloading 0 native plugins for Editor in 0.00 ms.
Unloading 3729 Unused Serialized files (Serialized files now loaded: 0)
Unloading 22 unused Assets / (22.0 KB). Loaded Objects now: 4210.
Memory consumption went from 140.3 MB to 140.3 MB.
Total: 5.885005 ms (FindLiveObjects: 0.377558 ms CreateObjectMapping: 0.303339 ms MarkObjects: 5.147919 ms  DeleteObjects: 0.054799 ms)

AssetImportParameters requested are different than current active one (requested -> active):
  custom:video-decoder-ogg-theora: a1e56fd34408186e4bbccfd4996cb3dc -> 
  custom:container-muxer-webm: aa71ff27fc2769a1b78a27578f13a17b -> 
  custom:container-demuxer-webm: 4f35f7cbe854078d1ac9338744f61a02 -> 
  custom:video-encoder-webm-vp8: eb34c28f22e8b96e1ab97ce403110664 -> 
  custom:framework-osx-AVFoundation: e770b220cccbd017edd2c1fefb359320 -> 
  custom:audio-encoder-webm-vorbis: bf7c407c2cedff20999df2af8eb42d56 -> 
  custom:container-demuxer-ogg: 62fdf1f143b41e24485cea50d1cbac27 -> 
  custom:video-decoder-webm-vp8: 9c59270c3fd7afecdb556c50c9e8de78 -> 
  custom:audio-decoder-ogg-vorbis: bf7c407c2cedff20999df2af8eb42d56 -> 
========================================================================
Received Prepare
Registering precompiled user dll's ...
Registered in 0.006385 seconds.
Begin MonoManager ReloadAssembly
Symbol file LoadedFromMemory doesn't match image /Users/lina_aouadi/Documents/SMB/SuperMarioBros/MyProject/Library/PackageCache/com.unity.visualscripting@1.8.0/Editor/VisualScripting.Core/Dependencies/YamlDotNet/Unity.VisualScripting.YamlDotNet.dll
Symbol file LoadedFromMemory doesn't match image /Users/lina_aouadi/Documents/SMB/SuperMarioBros/MyProject/Library/PackageCache/com.unity.visualscripting@1.8.0/Editor/VisualScripting.Core/Dependencies/DotNetZip/Unity.VisualScripting.IonicZip.dll
Native extension for OSXStandalone target not found
Refreshing native plugins compatible for Editor in 2.66 ms, found 3 plugins.
Preloading 0 native plugins for Editor in 0.00 ms.
Mono: successfully reloaded assembly
- Completed reload, in  2.531 seconds
Domain Reload Profiling:
	ReloadAssembly (2533ms)
		BeginReloadAssembly (301ms)
			ExecutionOrderSort (0ms)
			DisableScriptedObjects (18ms)
			BackupInstance (0ms)
			ReleaseScriptingObjects (0ms)
			CreateAndSetChildDomain (109ms)
		EndReloadAssembly (2004ms)
			LoadAssemblies (173ms)
			RebuildTransferFunctionScriptingTraits (0ms)
			SetupTypeCache (586ms)
			ReleaseScriptCaches (2ms)
			RebuildScriptCaches (124ms)
			SetupLoadedEditorAssemblies (1000ms)
				LogAssemblyErrors (0ms)
				InitializePlatformSupportModulesInManaged (40ms)
				SetLoadedEditorAssemblies (2ms)
				RefreshPlugins (3ms)
				BeforeProcessingInitializeOnLoad (205ms)
				ProcessInitializeOnLoadAttributes (655ms)
				ProcessInitializeOnLoadMethodAttributes (90ms)
				AfterProcessingInitializeOnLoad (6ms)
				EditorAssembliesLoaded (0ms)
			ExecutionOrderSort2 (0ms)
			AwakeInstancesAfterBackupRestoration (16ms)
Platform modules already initialized, skipping
Refreshing native plugins compatible for Editor in 6.77 ms, found 3 plugins.
Preloading 0 native plugins for Editor in 0.00 ms.
Unloading 3729 Unused Serialized files (Serialized files now loaded: 0)
Unloading 22 unused Assets / (21.9 KB). Loaded Objects now: 4213.
Memory consumption went from 140.4 MB to 140.3 MB.
Total: 8.460762 ms (FindLiveObjects: 0.454384 ms CreateObjectMapping: 0.812734 ms MarkObjects: 7.150721 ms  DeleteObjects: 0.041360 ms)

AssetImportParameters requested are different than current active one (requested -> active):
  custom:video-decoder-ogg-theora: a1e56fd34408186e4bbccfd4996cb3dc -> 
  custom:container-muxer-webm: aa71ff27fc2769a1b78a27578f13a17b -> 
  custom:container-demuxer-webm: 4f35f7cbe854078d1ac9338744f61a02 -> 
  custom:video-encoder-webm-vp8: eb34c28f22e8b96e1ab97ce403110664 -> 
  custom:framework-osx-AVFoundation: e770b220cccbd017edd2c1fefb359320 -> 
  custom:audio-encoder-webm-vorbis: bf7c407c2cedff20999df2af8eb42d56 -> 
  custom:container-demuxer-ogg: 62fdf1f143b41e24485cea50d1cbac27 -> 
  custom:video-decoder-webm-vp8: 9c59270c3fd7afecdb556c50c9e8de78 -> 
  custom:audio-decoder-ogg-vorbis: bf7c407c2cedff20999df2af8eb42d56 -> 
========================================================================
Received Import Request.
  Time since last request: 164.943489 seconds.
  path: Assets/SauvScene/Level 4.unity
  artifactKey: Guid(7f20b109c8c024b419a8931d6856fe35) Importer(815301076,1909f56bfc062723c751e8b465ee728b)
Start importing Assets/SauvScene/Level 4.unity using Guid(7f20b109c8c024b419a8931d6856fe35) Importer(815301076,1909f56bfc062723c751e8b465ee728b)  -> (artifact id: '2f68209da2692f24178077ac344942a4') in 0.024310 seconds 
========================================================================
Received Import Request.
  Time since last request: 196.017113 seconds.
  path: Assets/SauvScene/Level 5.unity
  artifactKey: Guid(a26ef7d69e3fd4794b1dd62771d7ec42) Importer(815301076,1909f56bfc062723c751e8b465ee728b)
Start importing Assets/SauvScene/Level 5.unity using Guid(a26ef7d69e3fd4794b1dd62771d7ec42) Importer(815301076,1909f56bfc062723c751e8b465ee728b)  -> (artifact id: 'adb685917eb57c6b7dd56754ab23bf3d') in 0.003217 seconds 
========================================================================
Received Prepare
Registering precompiled user dll's ...
Registered in 0.006346 seconds.
Begin MonoManager ReloadAssembly
Symbol file LoadedFromMemory doesn't match image /Users/lina_aouadi/Documents/SMB/SuperMarioBros/MyProject/Library/PackageCache/com.unity.visualscripting@1.8.0/Editor/VisualScripting.Core/Dependencies/YamlDotNet/Unity.VisualScripting.YamlDotNet.dll
Symbol file LoadedFromMemory doesn't match image /Users/lina_aouadi/Documents/SMB/SuperMarioBros/MyProject/Library/PackageCache/com.unity.visualscripting@1.8.0/Editor/VisualScripting.Core/Dependencies/DotNetZip/Unity.VisualScripting.IonicZip.dll
Native extension for OSXStandalone target not found
Refreshing native plugins compatible for Editor in 1.11 ms, found 3 plugins.
Preloading 0 native plugins for Editor in 0.00 ms.
Mono: successfully reloaded assembly
- Completed reload, in  2.100 seconds
Domain Reload Profiling:
	ReloadAssembly (2101ms)
		BeginReloadAssembly (441ms)
			ExecutionOrderSort (0ms)
			DisableScriptedObjects (32ms)
			BackupInstance (0ms)
			ReleaseScriptingObjects (0ms)
			CreateAndSetChildDomain (138ms)
		EndReloadAssembly (1487ms)
			LoadAssemblies (320ms)
			RebuildTransferFunctionScriptingTraits (0ms)
			SetupTypeCache (486ms)
			ReleaseScriptCaches (2ms)
			RebuildScriptCaches (112ms)
			SetupLoadedEditorAssemblies (607ms)
				LogAssemblyErrors (0ms)
				InitializePlatformSupportModulesInManaged (7ms)
				SetLoadedEditorAssemblies (1ms)
				RefreshPlugins (1ms)
				BeforeProcessingInitializeOnLoad (99ms)
				ProcessInitializeOnLoadAttributes (434ms)
				ProcessInitializeOnLoadMethodAttributes (60ms)
				AfterProcessingInitializeOnLoad (4ms)
				EditorAssembliesLoaded (0ms)
			ExecutionOrderSort2 (0ms)
			AwakeInstancesAfterBackupRestoration (12ms)
Platform modules already initialized, skipping
Refreshing native plugins compatible for Editor in 5.28 ms, found 3 plugins.
Preloading 0 native plugins for Editor in 0.00 ms.
Unloading 3729 Unused Serialized files (Serialized files now loaded: 0)
Unloading 22 unused Assets / (22.0 KB). Loaded Objects now: 4216.
Memory consumption went from 140.4 MB to 140.3 MB.
Total: 5.140669 ms (FindLiveObjects: 0.463477 ms CreateObjectMapping: 0.258216 ms MarkObjects: 4.378638 ms  DeleteObjects: 0.039068 ms)

AssetImportParameters requested are different than current active one (requested -> active):
  custom:video-decoder-ogg-theora: a1e56fd34408186e4bbccfd4996cb3dc -> 
  custom:container-muxer-webm: aa71ff27fc2769a1b78a27578f13a17b -> 
  custom:container-demuxer-webm: 4f35f7cbe854078d1ac9338744f61a02 -> 
  custom:video-encoder-webm-vp8: eb34c28f22e8b96e1ab97ce403110664 -> 
  custom:framework-osx-AVFoundation: e770b220cccbd017edd2c1fefb359320 -> 
  custom:audio-encoder-webm-vorbis: bf7c407c2cedff20999df2af8eb42d56 -> 
  custom:container-demuxer-ogg: 62fdf1f143b41e24485cea50d1cbac27 -> 
  custom:video-decoder-webm-vp8: 9c59270c3fd7afecdb556c50c9e8de78 -> 
  custom:audio-decoder-ogg-vorbis: bf7c407c2cedff20999df2af8eb42d56 -> 
========================================================================
Received Prepare
Registering precompiled user dll's ...
Registered in 0.006051 seconds.
Begin MonoManager ReloadAssembly
Symbol file LoadedFromMemory doesn't match image /Users/lina_aouadi/Documents/SMB/SuperMarioBros/MyProject/Library/PackageCache/com.unity.visualscripting@1.8.0/Editor/VisualScripting.Core/Dependencies/YamlDotNet/Unity.VisualScripting.YamlDotNet.dll
Symbol file LoadedFromMemory doesn't match image /Users/lina_aouadi/Documents/SMB/SuperMarioBros/MyProject/Library/PackageCache/com.unity.visualscripting@1.8.0/Editor/VisualScripting.Core/Dependencies/DotNetZip/Unity.VisualScripting.IonicZip.dll
Native extension for OSXStandalone target not found
Refreshing native plugins compatible for Editor in 2.72 ms, found 3 plugins.
Preloading 0 native plugins for Editor in 0.00 ms.
Mono: successfully reloaded assembly
- Completed reload, in  3.478 seconds
Domain Reload Profiling:
	ReloadAssembly (3481ms)
		BeginReloadAssembly (617ms)
			ExecutionOrderSort (0ms)
			DisableScriptedObjects (30ms)
			BackupInstance (0ms)
			ReleaseScriptingObjects (0ms)
			CreateAndSetChildDomain (194ms)
		EndReloadAssembly (2492ms)
			LoadAssemblies (385ms)
			RebuildTransferFunctionScriptingTraits (0ms)
			SetupTypeCache (892ms)
			ReleaseScriptCaches (3ms)
			RebuildScriptCaches (184ms)
			SetupLoadedEditorAssemblies (1058ms)
				LogAssemblyErrors (0ms)
				InitializePlatformSupportModulesInManaged (11ms)
				SetLoadedEditorAssemblies (1ms)
				RefreshPlugins (3ms)
				BeforeProcessingInitializeOnLoad (179ms)
				ProcessInitializeOnLoadAttributes (760ms)
				ProcessInitializeOnLoadMethodAttributes (96ms)
				AfterProcessingInitializeOnLoad (6ms)
				EditorAssembliesLoaded (0ms)
			ExecutionOrderSort2 (0ms)
			AwakeInstancesAfterBackupRestoration (22ms)
Platform modules already initialized, skipping
Refreshing native plugins compatible for Editor in 6.42 ms, found 3 plugins.
Preloading 0 native plugins for Editor in 0.00 ms.
Unloading 3729 Unused Serialized files (Serialized files now loaded: 0)
Unloading 22 unused Assets / (22.0 KB). Loaded Objects now: 4219.
Memory consumption went from 140.4 MB to 140.3 MB.
Total: 10.824661 ms (FindLiveObjects: 0.676994 ms CreateObjectMapping: 0.338205 ms MarkObjects: 9.747962 ms  DeleteObjects: 0.059830 ms)

AssetImportParameters requested are different than current active one (requested -> active):
  custom:video-decoder-ogg-theora: a1e56fd34408186e4bbccfd4996cb3dc -> 
  custom:container-muxer-webm: aa71ff27fc2769a1b78a27578f13a17b -> 
  custom:container-demuxer-webm: 4f35f7cbe854078d1ac9338744f61a02 -> 
  custom:video-encoder-webm-vp8: eb34c28f22e8b96e1ab97ce403110664 -> 
  custom:framework-osx-AVFoundation: e770b220cccbd017edd2c1fefb359320 -> 
  custom:audio-encoder-webm-vorbis: bf7c407c2cedff20999df2af8eb42d56 -> 
  custom:container-demuxer-ogg: 62fdf1f143b41e24485cea50d1cbac27 -> 
  custom:video-decoder-webm-vp8: 9c59270c3fd7afecdb556c50c9e8de78 -> 
  custom:audio-decoder-ogg-vorbis: bf7c407c2cedff20999df2af8eb42d56 -> 
========================================================================
Received Import Request.
  Time since last request: 755.142204 seconds.
  path: Assets/LoadSpecificScene.cs
  artifactKey: Guid(70aacfa7ff2d049a18732ebd54380d1e) Importer(815301076,1909f56bfc062723c751e8b465ee728b)
Start importing Assets/LoadSpecificScene.cs using Guid(70aacfa7ff2d049a18732ebd54380d1e) Importer(815301076,1909f56bfc062723c751e8b465ee728b)  -> (artifact id: 'a0fc7b8c26cb60df81c7af548bc09cdd') in 0.037503 seconds 
========================================================================
Received Prepare
Registering precompiled user dll's ...
Registered in 0.010873 seconds.
Begin MonoManager ReloadAssembly
Symbol file LoadedFromMemory doesn't match image /Users/lina_aouadi/Documents/SMB/SuperMarioBros/MyProject/Library/PackageCache/com.unity.visualscripting@1.8.0/Editor/VisualScripting.Core/Dependencies/YamlDotNet/Unity.VisualScripting.YamlDotNet.dll
Symbol file LoadedFromMemory doesn't match image /Users/lina_aouadi/Documents/SMB/SuperMarioBros/MyProject/Library/PackageCache/com.unity.visualscripting@1.8.0/Editor/VisualScripting.Core/Dependencies/DotNetZip/Unity.VisualScripting.IonicZip.dll
Native extension for OSXStandalone target not found
Refreshing native plugins compatible for Editor in 1.27 ms, found 3 plugins.
Preloading 0 native plugins for Editor in 0.00 ms.
Mono: successfully reloaded assembly
- Completed reload, in  2.557 seconds
Domain Reload Profiling:
	ReloadAssembly (2559ms)
		BeginReloadAssembly (684ms)
			ExecutionOrderSort (0ms)
			DisableScriptedObjects (54ms)
			BackupInstance (0ms)
			ReleaseScriptingObjects (1ms)
			CreateAndSetChildDomain (358ms)
		EndReloadAssembly (1576ms)
			LoadAssemblies (342ms)
			RebuildTransferFunctionScriptingTraits (0ms)
			SetupTypeCache (560ms)
			ReleaseScriptCaches (2ms)
			RebuildScriptCaches (92ms)
			SetupLoadedEditorAssemblies (605ms)
				LogAssemblyErrors (0ms)
				InitializePlatformSupportModulesInManaged (8ms)
				SetLoadedEditorAssemblies (1ms)
				RefreshPlugins (1ms)
				BeforeProcessingInitializeOnLoad (106ms)
				ProcessInitializeOnLoadAttributes (423ms)
				ProcessInitializeOnLoadMethodAttributes (62ms)
				AfterProcessingInitializeOnLoad (4ms)
				EditorAssembliesLoaded (0ms)
			ExecutionOrderSort2 (0ms)
			AwakeInstancesAfterBackupRestoration (13ms)
Platform modules already initialized, skipping
Refreshing native plugins compatible for Editor in 4.33 ms, found 3 plugins.
Preloading 0 native plugins for Editor in 0.00 ms.
Unloading 3729 Unused Serialized files (Serialized files now loaded: 0)
Unloading 22 unused Assets / (21.9 KB). Loaded Objects now: 4222.
Memory consumption went from 140.4 MB to 140.4 MB.
Total: 7.664180 ms (FindLiveObjects: 0.449563 ms CreateObjectMapping: 0.359619 ms MarkObjects: 6.772401 ms  DeleteObjects: 0.081197 ms)

AssetImportParameters requested are different than current active one (requested -> active):
  custom:video-decoder-ogg-theora: a1e56fd34408186e4bbccfd4996cb3dc -> 
  custom:container-muxer-webm: aa71ff27fc2769a1b78a27578f13a17b -> 
  custom:container-demuxer-webm: 4f35f7cbe854078d1ac9338744f61a02 -> 
  custom:video-encoder-webm-vp8: eb34c28f22e8b96e1ab97ce403110664 -> 
  custom:framework-osx-AVFoundation: e770b220cccbd017edd2c1fefb359320 -> 
  custom:audio-encoder-webm-vorbis: bf7c407c2cedff20999df2af8eb42d56 -> 
  custom:container-demuxer-ogg: 62fdf1f143b41e24485cea50d1cbac27 -> 
  custom:video-decoder-webm-vp8: 9c59270c3fd7afecdb556c50c9e8de78 -> 
  custom:audio-decoder-ogg-vorbis: bf7c407c2cedff20999df2af8eb42d56 -> 
========================================================================
Received Prepare
Registering precompiled user dll's ...
Registered in 0.006790 seconds.
Begin MonoManager ReloadAssembly
Symbol file LoadedFromMemory doesn't match image /Users/lina_aouadi/Documents/SMB/SuperMarioBros/MyProject/Library/PackageCache/com.unity.visualscripting@1.8.0/Editor/VisualScripting.Core/Dependencies/YamlDotNet/Unity.VisualScripting.YamlDotNet.dll
Symbol file LoadedFromMemory doesn't match image /Users/lina_aouadi/Documents/SMB/SuperMarioBros/MyProject/Library/PackageCache/com.unity.visualscripting@1.8.0/Editor/VisualScripting.Core/Dependencies/DotNetZip/Unity.VisualScripting.IonicZip.dll
Native extension for OSXStandalone target not found
Refreshing native plugins compatible for Editor in 1.74 ms, found 3 plugins.
Preloading 0 native plugins for Editor in 0.00 ms.
Mono: successfully reloaded assembly
- Completed reload, in  2.707 seconds
Domain Reload Profiling:
	ReloadAssembly (2709ms)
		BeginReloadAssembly (703ms)
			ExecutionOrderSort (0ms)
			DisableScriptedObjects (49ms)
			BackupInstance (0ms)
			ReleaseScriptingObjects (0ms)
			CreateAndSetChildDomain (209ms)
		EndReloadAssembly (1770ms)
			LoadAssemblies (437ms)
			RebuildTransferFunctionScriptingTraits (0ms)
			SetupTypeCache (614ms)
			ReleaseScriptCaches (2ms)
			RebuildScriptCaches (113ms)
			SetupLoadedEditorAssemblies (664ms)
				LogAssemblyErrors (0ms)
				InitializePlatformSupportModulesInManaged (8ms)
				SetLoadedEditorAssemblies (1ms)
				RefreshPlugins (2ms)
				BeforeProcessingInitializeOnLoad (111ms)
				ProcessInitializeOnLoadAttributes (469ms)
				ProcessInitializeOnLoadMethodAttributes (69ms)
				AfterProcessingInitializeOnLoad (4ms)
				EditorAssembliesLoaded (0ms)
			ExecutionOrderSort2 (0ms)
			AwakeInstancesAfterBackupRestoration (13ms)
Platform modules already initialized, skipping
Refreshing native plugins compatible for Editor in 5.19 ms, found 3 plugins.
Preloading 0 native plugins for Editor in 0.00 ms.
Unloading 3729 Unused Serialized files (Serialized files now loaded: 0)
Unloading 22 unused Assets / (22.0 KB). Loaded Objects now: 4225.
Memory consumption went from 140.4 MB to 140.4 MB.
Total: 8.418197 ms (FindLiveObjects: 1.236844 ms CreateObjectMapping: 0.548528 ms MarkObjects: 6.552419 ms  DeleteObjects: 0.078440 ms)

AssetImportParameters requested are different than current active one (requested -> active):
  custom:video-decoder-ogg-theora: a1e56fd34408186e4bbccfd4996cb3dc -> 
  custom:container-muxer-webm: aa71ff27fc2769a1b78a27578f13a17b -> 
  custom:container-demuxer-webm: 4f35f7cbe854078d1ac9338744f61a02 -> 
  custom:video-encoder-webm-vp8: eb34c28f22e8b96e1ab97ce403110664 -> 
  custom:framework-osx-AVFoundation: e770b220cccbd017edd2c1fefb359320 -> 
  custom:audio-encoder-webm-vorbis: bf7c407c2cedff20999df2af8eb42d56 -> 
  custom:container-demuxer-ogg: 62fdf1f143b41e24485cea50d1cbac27 -> 
  custom:video-decoder-webm-vp8: 9c59270c3fd7afecdb556c50c9e8de78 -> 
  custom:audio-decoder-ogg-vorbis: bf7c407c2cedff20999df2af8eb42d56 -> 
========================================================================
Received Prepare
Registering precompiled user dll's ...
Registered in 0.010071 seconds.
Begin MonoManager ReloadAssembly
Symbol file LoadedFromMemory doesn't match image /Users/lina_aouadi/Documents/SMB/SuperMarioBros/MyProject/Library/PackageCache/com.unity.visualscripting@1.8.0/Editor/VisualScripting.Core/Dependencies/YamlDotNet/Unity.VisualScripting.YamlDotNet.dll
Symbol file LoadedFromMemory doesn't match image /Users/lina_aouadi/Documents/SMB/SuperMarioBros/MyProject/Library/PackageCache/com.unity.visualscripting@1.8.0/Editor/VisualScripting.Core/Dependencies/DotNetZip/Unity.VisualScripting.IonicZip.dll
Native extension for OSXStandalone target not found
Refreshing native plugins compatible for Editor in 2.67 ms, found 3 plugins.
Preloading 0 native plugins for Editor in 0.00 ms.
Mono: successfully reloaded assembly
- Completed reload, in  2.798 seconds
Domain Reload Profiling:
	ReloadAssembly (2800ms)
		BeginReloadAssembly (366ms)
			ExecutionOrderSort (0ms)
			DisableScriptedObjects (16ms)
			BackupInstance (0ms)
			ReleaseScriptingObjects (0ms)
			CreateAndSetChildDomain (123ms)
		EndReloadAssembly (2179ms)
			LoadAssemblies (238ms)
			RebuildTransferFunctionScriptingTraits (0ms)
			SetupTypeCache (697ms)
			ReleaseScriptCaches (2ms)
			RebuildScriptCaches (165ms)
			SetupLoadedEditorAssemblies (954ms)
				LogAssemblyErrors (0ms)
				InitializePlatformSupportModulesInManaged (15ms)
				SetLoadedEditorAssemblies (1ms)
				RefreshPlugins (3ms)
				BeforeProcessingInitializeOnLoad (190ms)
				ProcessInitializeOnLoadAttributes (649ms)
				ProcessInitializeOnLoadMethodAttributes (90ms)
				AfterProcessingInitializeOnLoad (6ms)
				EditorAssembliesLoaded (0ms)
			ExecutionOrderSort2 (0ms)
			AwakeInstancesAfterBackupRestoration (21ms)
Platform modules already initialized, skipping
Refreshing native plugins compatible for Editor in 5.96 ms, found 3 plugins.
Preloading 0 native plugins for Editor in 0.00 ms.
Unloading 3729 Unused Serialized files (Serialized files now loaded: 0)
Unloading 22 unused Assets / (22.0 KB). Loaded Objects now: 4228.
Memory consumption went from 140.4 MB to 140.4 MB.
Total: 7.696955 ms (FindLiveObjects: 0.529766 ms CreateObjectMapping: 0.404124 ms MarkObjects: 6.727145 ms  DeleteObjects: 0.034471 ms)

AssetImportParameters requested are different than current active one (requested -> active):
  custom:video-decoder-ogg-theora: a1e56fd34408186e4bbccfd4996cb3dc -> 
  custom:container-muxer-webm: aa71ff27fc2769a1b78a27578f13a17b -> 
  custom:container-demuxer-webm: 4f35f7cbe854078d1ac9338744f61a02 -> 
  custom:video-encoder-webm-vp8: eb34c28f22e8b96e1ab97ce403110664 -> 
  custom:framework-osx-AVFoundation: e770b220cccbd017edd2c1fefb359320 -> 
  custom:audio-encoder-webm-vorbis: bf7c407c2cedff20999df2af8eb42d56 -> 
  custom:container-demuxer-ogg: 62fdf1f143b41e24485cea50d1cbac27 -> 
  custom:video-decoder-webm-vp8: 9c59270c3fd7afecdb556c50c9e8de78 -> 
  custom:audio-decoder-ogg-vorbis: bf7c407c2cedff20999df2af8eb42d56 -> 
========================================================================
Received Import Request.
  Time since last request: 2934.629549 seconds.
  path: Assets/SauvScene/Level 4.unity
  artifactKey: Guid(7f20b109c8c024b419a8931d6856fe35) Importer(815301076,1909f56bfc062723c751e8b465ee728b)
Start importing Assets/SauvScene/Level 4.unity using Guid(7f20b109c8c024b419a8931d6856fe35) Importer(815301076,1909f56bfc062723c751e8b465ee728b)  -> (artifact id: '350185248712ac7f6b513b6d42d22f3f') in 0.020073 seconds 
========================================================================
Received Import Request.
  Time since last request: 4.922140 seconds.
  path: Assets/SauvScene/Level 6.unity
  artifactKey: Guid(588c6d2481f20475596c6238675efc3b) Importer(815301076,1909f56bfc062723c751e8b465ee728b)
Start importing Assets/SauvScene/Level 6.unity using Guid(588c6d2481f20475596c6238675efc3b) Importer(815301076,1909f56bfc062723c751e8b465ee728b)  -> (artifact id: 'd356f5657b479108388cb49d2be17d7c') in 0.002529 seconds 
========================================================================
Received Import Request.
  Time since last request: 26.294161 seconds.
  path: Assets/SauvScene/Level 4.unity
  artifactKey: Guid(7f20b109c8c024b419a8931d6856fe35) Importer(815301076,1909f56bfc062723c751e8b465ee728b)
Start importing Assets/SauvScene/Level 4.unity using Guid(7f20b109c8c024b419a8931d6856fe35) Importer(815301076,1909f56bfc062723c751e8b465ee728b)  -> (artifact id: '0fd361cd19f239acb585fecf035b13be') in 0.002364 seconds 
========================================================================
Received Import Request.
  Time since last request: 1.630507 seconds.
  path: Assets/SauvScene/Level 5.unity
  artifactKey: Guid(4f0f8d0d4ccbc4be59cd7d1e5e5115a6) Importer(815301076,1909f56bfc062723c751e8b465ee728b)
Start importing Assets/SauvScene/Level 5.unity using Guid(4f0f8d0d4ccbc4be59cd7d1e5e5115a6) Importer(815301076,1909f56bfc062723c751e8b465ee728b)  -> (artifact id: 'bdc3b36e8ead44577015ee1b4b486459') in 0.001733 seconds 
========================================================================
Received Import Request.
  Time since last request: 12.485359 seconds.
  path: Assets/SauvScene/Level 6.unity
  artifactKey: Guid(2e51715b57e4643c0959966bc45af5ce) Importer(815301076,1909f56bfc062723c751e8b465ee728b)
Start importing Assets/SauvScene/Level 6.unity using Guid(2e51715b57e4643c0959966bc45af5ce) Importer(815301076,1909f56bfc062723c751e8b465ee728b)  -> (artifact id: '557c64eb8e9941ad844aaa120c1bc5cc') in 0.002069 seconds 
========================================================================
Received Import Request.
  Time since last request: 91.732938 seconds.
  path: Assets/SauvScene/Level 2.unity
  artifactKey: Guid(d1f0833edb4694f61b45a1329c6e0562) Importer(815301076,1909f56bfc062723c751e8b465ee728b)
Start importing Assets/SauvScene/Level 2.unity using Guid(d1f0833edb4694f61b45a1329c6e0562) Importer(815301076,1909f56bfc062723c751e8b465ee728b)  -> (artifact id: 'd8c507cf62614440d55f838e24f5cf39') in 0.003231 seconds 
========================================================================
Received Prepare
Registering precompiled user dll's ...
Registered in 0.006934 seconds.
Begin MonoManager ReloadAssembly
Symbol file LoadedFromMemory doesn't match image /Users/lina_aouadi/Documents/SMB/SuperMarioBros/MyProject/Library/PackageCache/com.unity.visualscripting@1.8.0/Editor/VisualScripting.Core/Dependencies/YamlDotNet/Unity.VisualScripting.YamlDotNet.dll
Symbol file LoadedFromMemory doesn't match image /Users/lina_aouadi/Documents/SMB/SuperMarioBros/MyProject/Library/PackageCache/com.unity.visualscripting@1.8.0/Editor/VisualScripting.Core/Dependencies/DotNetZip/Unity.VisualScripting.IonicZip.dll
Native extension for OSXStandalone target not found
Refreshing native plugins compatible for Editor in 3.15 ms, found 3 plugins.
Preloading 0 native plugins for Editor in 0.00 ms.
Mono: successfully reloaded assembly
- Completed reload, in  2.871 seconds
Domain Reload Profiling:
	ReloadAssembly (2872ms)
		BeginReloadAssembly (340ms)
			ExecutionOrderSort (0ms)
			DisableScriptedObjects (18ms)
			BackupInstance (0ms)
			ReleaseScriptingObjects (0ms)
			CreateAndSetChildDomain (134ms)
		EndReloadAssembly (2294ms)
			LoadAssemblies (199ms)
			RebuildTransferFunctionScriptingTraits (0ms)
			SetupTypeCache (721ms)
			ReleaseScriptCaches (3ms)
			RebuildScriptCaches (176ms)
			SetupLoadedEditorAssemblies (1020ms)
				LogAssemblyErrors (0ms)
				InitializePlatformSupportModulesInManaged (10ms)
				SetLoadedEditorAssemblies (1ms)
				RefreshPlugins (3ms)
				BeforeProcessingInitializeOnLoad (186ms)
				ProcessInitializeOnLoadAttributes (709ms)
				ProcessInitializeOnLoadMethodAttributes (103ms)
				AfterProcessingInitializeOnLoad (7ms)
				EditorAssembliesLoaded (0ms)
			ExecutionOrderSort2 (0ms)
			AwakeInstancesAfterBackupRestoration (19ms)
Platform modules already initialized, skipping
Refreshing native plugins compatible for Editor in 6.10 ms, found 3 plugins.
Preloading 0 native plugins for Editor in 0.00 ms.
Unloading 3729 Unused Serialized files (Serialized files now loaded: 0)
Unloading 22 unused Assets / (22.0 KB). Loaded Objects now: 4231.
Memory consumption went from 140.4 MB to 140.4 MB.
Total: 8.749994 ms (FindLiveObjects: 0.457178 ms CreateObjectMapping: 0.358043 ms MarkObjects: 7.879692 ms  DeleteObjects: 0.053510 ms)

AssetImportParameters requested are different than current active one (requested -> active):
  custom:video-decoder-ogg-theora: a1e56fd34408186e4bbccfd4996cb3dc -> 
  custom:container-muxer-webm: aa71ff27fc2769a1b78a27578f13a17b -> 
  custom:container-demuxer-webm: 4f35f7cbe854078d1ac9338744f61a02 -> 
  custom:video-encoder-webm-vp8: eb34c28f22e8b96e1ab97ce403110664 -> 
  custom:framework-osx-AVFoundation: e770b220cccbd017edd2c1fefb359320 -> 
  custom:audio-encoder-webm-vorbis: bf7c407c2cedff20999df2af8eb42d56 -> 
  custom:container-demuxer-ogg: 62fdf1f143b41e24485cea50d1cbac27 -> 
  custom:video-decoder-webm-vp8: 9c59270c3fd7afecdb556c50c9e8de78 -> 
  custom:audio-decoder-ogg-vorbis: bf7c407c2cedff20999df2af8eb42d56 -> 
========================================================================
Received Import Request.
  Time since last request: 201.461502 seconds.
  path: Assets/platformerart_pixelredux_2 /Tiles/tile_0057.png
  artifactKey: Guid(3f7764f2b3ef64a328ed22aaef341796) Importer(815301076,1909f56bfc062723c751e8b465ee728b)
Start importing Assets/platformerart_pixelredux_2 /Tiles/tile_0057.png using Guid(3f7764f2b3ef64a328ed22aaef341796) Importer(815301076,1909f56bfc062723c751e8b465ee728b)  -> (artifact id: '0994cbb5cab3b18286e489089ac7b711') in 0.816454 seconds 
========================================================================
Received Import Request.
  Time since last request: 0.000122 seconds.
  path: Assets/platformerart_pixelredux_2 /Tiles/tile_0059.png
  artifactKey: Guid(d3ff45c4e77ff42269044a499b734a8a) Importer(815301076,1909f56bfc062723c751e8b465ee728b)
Start importing Assets/platformerart_pixelredux_2 /Tiles/tile_0059.png using Guid(d3ff45c4e77ff42269044a499b734a8a) Importer(815301076,1909f56bfc062723c751e8b465ee728b)  -> (artifact id: '26d1fda464da8a472e3b2285ee8cf313') in 0.046207 seconds 
========================================================================
Received Import Request.
  Time since last request: 3.142723 seconds.
  path: Assets/platformerart_pixelredux_2 /Tiles/tile_0061.png
  artifactKey: Guid(b7df6ed96b4784f60aabad8ef43919a7) Importer(815301076,1909f56bfc062723c751e8b465ee728b)
Start importing Assets/platformerart_pixelredux_2 /Tiles/tile_0061.png using Guid(b7df6ed96b4784f60aabad8ef43919a7) Importer(815301076,1909f56bfc062723c751e8b465ee728b)  -> (artifact id: 'f49d6626f84bc2920c0c8cb5a68f5ff3') in 0.037170 seconds 
========================================================================
Received Import Request.
  Time since last request: 0.000092 seconds.
  path: Assets/platformerart_pixelredux_2 /Tiles/tile_0065.png
  artifactKey: Guid(089afe14fec12411a85b11b5855edb58) Importer(815301076,1909f56bfc062723c751e8b465ee728b)
Start importing Assets/platformerart_pixelredux_2 /Tiles/tile_0065.png using Guid(089afe14fec12411a85b11b5855edb58) Importer(815301076,1909f56bfc062723c751e8b465ee728b)  -> (artifact id: 'a73d416aaf1f470d6971b71a9dda8b51') in 0.024588 seconds 
========================================================================
Received Import Request.
  Time since last request: 0.000158 seconds.
  path: Assets/platformerart_pixelredux_2 /Tiles/tile_0068.png
  artifactKey: Guid(176fdbe129064446a925c811c375e786) Importer(815301076,1909f56bfc062723c751e8b465ee728b)
Start importing Assets/platformerart_pixelredux_2 /Tiles/tile_0068.png using Guid(176fdbe129064446a925c811c375e786) Importer(815301076,1909f56bfc062723c751e8b465ee728b)  -> (artifact id: 'dea35cd29d3cc33939a316d84b01fbd4') in 0.029793 seconds 
========================================================================
Received Import Request.
  Time since last request: 0.000115 seconds.
  path: Assets/platformerart_pixelredux_2 /Tiles/tile_0066.png
  artifactKey: Guid(2f62b1a40ca054146a192301c4fe9af7) Importer(815301076,1909f56bfc062723c751e8b465ee728b)
Start importing Assets/platformerart_pixelredux_2 /Tiles/tile_0066.png using Guid(2f62b1a40ca054146a192301c4fe9af7) Importer(815301076,1909f56bfc062723c751e8b465ee728b)  -> (artifact id: 'd2513e9839ba96b9ccd73fe4a7bbe690') in 0.033688 seconds 
========================================================================
Received Import Request.
  Time since last request: 0.000883 seconds.
  path: Assets/platformerart_pixelredux_2 /Tiles/tile_0069.png
  artifactKey: Guid(8006cb3a42e654f1d886858496d15e00) Importer(815301076,1909f56bfc062723c751e8b465ee728b)
Start importing Assets/platformerart_pixelredux_2 /Tiles/tile_0069.png using Guid(8006cb3a42e654f1d886858496d15e00) Importer(815301076,1909f56bfc062723c751e8b465ee728b)  -> (artifact id: '07e61465cadb5ba88d161376f62def2a') in 0.032986 seconds 
========================================================================
Received Import Request.
  Time since last request: 0.031821 seconds.
  path: Assets/platformerart_pixelredux_2 /Tiles/tile_0071.png
  artifactKey: Guid(724752e7c2324437680490c63a792b43) Importer(815301076,1909f56bfc062723c751e8b465ee728b)
Start importing Assets/platformerart_pixelredux_2 /Tiles/tile_0071.png using Guid(724752e7c2324437680490c63a792b43) Importer(815301076,1909f56bfc062723c751e8b465ee728b)  -> (artifact id: '1f6a7f5bf287a1653a9e6dc167829821') in 0.044442 seconds 
========================================================================
Received Import Request.
  Time since last request: 0.000091 seconds.
  path: Assets/platformerart_pixelredux_2 /Tiles/tile_0076.png
  artifactKey: Guid(9e6218177ea5349e4a93d3dbcaed4c67) Importer(815301076,1909f56bfc062723c751e8b465ee728b)
Start importing Assets/platformerart_pixelredux_2 /Tiles/tile_0076.png using Guid(9e6218177ea5349e4a93d3dbcaed4c67) Importer(815301076,1909f56bfc062723c751e8b465ee728b)  -> (artifact id: '464d7547f7030ec458d9540fc9f1a2db') in 0.027777 seconds 
========================================================================
Received Import Request.
  Time since last request: 0.000158 seconds.
  path: Assets/platformerart_pixelredux_2 /Tiles/tile_0078.png
  artifactKey: Guid(5c70ef7d1ecc642c998848a7211af290) Importer(815301076,1909f56bfc062723c751e8b465ee728b)
Start importing Assets/platformerart_pixelredux_2 /Tiles/tile_0078.png using Guid(5c70ef7d1ecc642c998848a7211af290) Importer(815301076,1909f56bfc062723c751e8b465ee728b)  -> (artifact id: 'c2c5bf2ed2f58a14c2e55a5718eacf72') in 0.032346 seconds 
========================================================================
Received Import Request.
  Time since last request: 0.000086 seconds.
  path: Assets/platformerart_pixelredux_2 /Tiles/tile_0072.png
  artifactKey: Guid(e32ad3896598e498e9946f82c59c15ba) Importer(815301076,1909f56bfc062723c751e8b465ee728b)
Start importing Assets/platformerart_pixelredux_2 /Tiles/tile_0072.png using Guid(e32ad3896598e498e9946f82c59c15ba) Importer(815301076,1909f56bfc062723c751e8b465ee728b)  -> (artifact id: 'c33bb595d6a768838910822c30c668dc') in 0.026291 seconds 
========================================================================
Received Import Request.
  Time since last request: 0.000187 seconds.
  path: Assets/platformerart_pixelredux_2 /Tiles/tile_0074.png
  artifactKey: Guid(26269354973e945129ea22cbf48332de) Importer(815301076,1909f56bfc062723c751e8b465ee728b)
Start importing Assets/platformerart_pixelredux_2 /Tiles/tile_0074.png using Guid(26269354973e945129ea22cbf48332de) Importer(815301076,1909f56bfc062723c751e8b465ee728b)  -> (artifact id: '3e5707fc77a5522dd17a3f3001ecca43') in 0.016450 seconds 
========================================================================
Received Import Request.
  Time since last request: 0.536260 seconds.
  path: Assets/platformerart_pixelredux_2 /Tiles/tile_0081.png
  artifactKey: Guid(0a083f5734a7841c898039241f5c7ead) Importer(815301076,1909f56bfc062723c751e8b465ee728b)
Start importing Assets/platformerart_pixelredux_2 /Tiles/tile_0081.png using Guid(0a083f5734a7841c898039241f5c7ead) Importer(815301076,1909f56bfc062723c751e8b465ee728b)  -> (artifact id: 'b3793fcd3dbc92b713f77464375c7248') in 0.032005 seconds 
========================================================================
Received Import Request.
  Time since last request: 0.000215 seconds.
  path: Assets/platformerart_pixelredux_2 /Tiles/tile_0087.png
  artifactKey: Guid(bd2d28b305e2b476b8dbdd176dc2fb48) Importer(815301076,1909f56bfc062723c751e8b465ee728b)
Start importing Assets/platformerart_pixelredux_2 /Tiles/tile_0087.png using Guid(bd2d28b305e2b476b8dbdd176dc2fb48) Importer(815301076,1909f56bfc062723c751e8b465ee728b)  -> (artifact id: '82810ab601747d8f7c1bf761f1784b60') in 0.015984 seconds 
========================================================================
Received Import Request.
  Time since last request: 0.000270 seconds.
  path: Assets/platformerart_pixelredux_2 /Tiles/tile_0084.png
  artifactKey: Guid(a2d70336e0da44170bf52c3768456eee) Importer(815301076,1909f56bfc062723c751e8b465ee728b)
Start importing Assets/platformerart_pixelredux_2 /Tiles/tile_0084.png using Guid(a2d70336e0da44170bf52c3768456eee) Importer(815301076,1909f56bfc062723c751e8b465ee728b)  -> (artifact id: '49df9433527bdf583ce326c0bc7979bb') in 0.049920 seconds 
========================================================================
Received Import Request.
  Time since last request: 0.000103 seconds.
  path: Assets/platformerart_pixelredux_2 /Tiles/tile_0090.png
  artifactKey: Guid(eb719a517f6de4c40894b4ac0625e550) Importer(815301076,1909f56bfc062723c751e8b465ee728b)
Start importing Assets/platformerart_pixelredux_2 /Tiles/tile_0090.png using Guid(eb719a517f6de4c40894b4ac0625e550) Importer(815301076,1909f56bfc062723c751e8b465ee728b)  -> (artifact id: '97818ccb0d79ed5cb7faef5744fc4799') in 0.038498 seconds 
========================================================================
Received Import Request.
  Time since last request: 0.000092 seconds.
  path: Assets/platformerart_pixelredux_2 /Tiles/tile_0085.png
  artifactKey: Guid(3e6c8920472674af08faceb0e1933e17) Importer(815301076,1909f56bfc062723c751e8b465ee728b)
Start importing Assets/platformerart_pixelredux_2 /Tiles/tile_0085.png using Guid(3e6c8920472674af08faceb0e1933e17) Importer(815301076,1909f56bfc062723c751e8b465ee728b)  -> (artifact id: '4bdaec159ec0d55e0bd218d8cc58836d') in 0.046809 seconds 
========================================================================
Received Import Request.
  Time since last request: 0.050143 seconds.
  path: Assets/platformerart_pixelredux_2 /Tiles/tile_0091.png
  artifactKey: Guid(d1f5d639171fd406c8b40f60849fa033) Importer(815301076,1909f56bfc062723c751e8b465ee728b)
Start importing Assets/platformerart_pixelredux_2 /Tiles/tile_0091.png using Guid(d1f5d639171fd406c8b40f60849fa033) Importer(815301076,1909f56bfc062723c751e8b465ee728b)  -> (artifact id: '33e72532069333112dd0ed7d26b51cc4') in 0.021110 seconds 
========================================================================
Received Import Request.
  Time since last request: 0.000220 seconds.
  path: Assets/platformerart_pixelredux_2 /Tiles/tile_0096.png
  artifactKey: Guid(fcc1266608e0746ec98a42521f845a64) Importer(815301076,1909f56bfc062723c751e8b465ee728b)
Start importing Assets/platformerart_pixelredux_2 /Tiles/tile_0096.png using Guid(fcc1266608e0746ec98a42521f845a64) Importer(815301076,1909f56bfc062723c751e8b465ee728b)  -> (artifact id: '3356c63e4a8cb63ab17b7677eb8b2d42') in 0.036991 seconds 
========================================================================
Received Import Request.
  Time since last request: 0.000157 seconds.
  path: Assets/platformerart_pixelredux_2 /Tiles/tile_0099.png
  artifactKey: Guid(bb36d1eff053b4c50825159fe35d5abb) Importer(815301076,1909f56bfc062723c751e8b465ee728b)
Start importing Assets/platformerart_pixelredux_2 /Tiles/tile_0099.png using Guid(bb36d1eff053b4c50825159fe35d5abb) Importer(815301076,1909f56bfc062723c751e8b465ee728b)  -> (artifact id: '4a3bff68273bfa354910b1d8cec4df23') in 0.024669 seconds 
========================================================================
Received Import Request.
  Time since last request: 0.000212 seconds.
  path: Assets/platformerart_pixelredux_2 /Tiles/tile_0098.png
  artifactKey: Guid(456eeac0c252146aa9ab96d880197741) Importer(815301076,1909f56bfc062723c751e8b465ee728b)
Start importing Assets/platformerart_pixelredux_2 /Tiles/tile_0098.png using Guid(456eeac0c252146aa9ab96d880197741) Importer(815301076,1909f56bfc062723c751e8b465ee728b)  -> (artifact id: '58d68812696027bebc50310b68ecb4cd') in 0.025437 seconds 
========================================================================
Received Import Request.
  Time since last request: 0.000495 seconds.
  path: Assets/platformerart_pixelredux_2 /Tiles/tile_0097.png
  artifactKey: Guid(3b9d8974102594724a4609220badbb9c) Importer(815301076,1909f56bfc062723c751e8b465ee728b)
Start importing Assets/platformerart_pixelredux_2 /Tiles/tile_0097.png using Guid(3b9d8974102594724a4609220badbb9c) Importer(815301076,1909f56bfc062723c751e8b465ee728b)  -> (artifact id: '9788fee62f3ae8096ccf5ccee48c8de7') in 0.024430 seconds 
========================================================================
Received Import Request.
  Time since last request: 0.000087 seconds.
  path: Assets/platformerart_pixelredux_2 /Tiles/tile_0108.png
  artifactKey: Guid(2186c6b813b33444795756f202a8487b) Importer(815301076,1909f56bfc062723c751e8b465ee728b)
Start importing Assets/platformerart_pixelredux_2 /Tiles/tile_0108.png using Guid(2186c6b813b33444795756f202a8487b) Importer(815301076,1909f56bfc062723c751e8b465ee728b)  -> (artifact id: 'ca53f4d401a93a4333d270bf968caad3') in 0.039740 seconds 
========================================================================
Received Import Request.
  Time since last request: 0.000555 seconds.
  path: Assets/platformerart_pixelredux_2 /Tiles/tile_0103.png
  artifactKey: Guid(eb6427271e9144e4c8c2510f6a31bd88) Importer(815301076,1909f56bfc062723c751e8b465ee728b)
Start importing Assets/platformerart_pixelredux_2 /Tiles/tile_0103.png using Guid(eb6427271e9144e4c8c2510f6a31bd88) Importer(815301076,1909f56bfc062723c751e8b465ee728b)  -> (artifact id: 'bb98a28e5f7ba676f7464619c7881411') in 0.022974 seconds 
========================================================================
Received Import Request.
  Time since last request: 0.000123 seconds.
  path: Assets/platformerart_pixelredux_2 /Tiles/tile_0107.png
  artifactKey: Guid(a10de01126a7640deb10cb5525eb13c0) Importer(815301076,1909f56bfc062723c751e8b465ee728b)
Start importing Assets/platformerart_pixelredux_2 /Tiles/tile_0107.png using Guid(a10de01126a7640deb10cb5525eb13c0) Importer(815301076,1909f56bfc062723c751e8b465ee728b)  -> (artifact id: 'e47fa579e8c059d5a3f4f6a09c291836') in 0.027179 seconds 
========================================================================
Received Import Request.
  Time since last request: 0.000095 seconds.
  path: Assets/platformerart_pixelredux_2 /Tiles/tile_0102.png
  artifactKey: Guid(149e826bf5b0740c693acf4e260ff900) Importer(815301076,1909f56bfc062723c751e8b465ee728b)
Start importing Assets/platformerart_pixelredux_2 /Tiles/tile_0102.png using Guid(149e826bf5b0740c693acf4e260ff900) Importer(815301076,1909f56bfc062723c751e8b465ee728b)  -> (artifact id: 'c36f46ac4cff7ae0054970e8ca36024b') in 0.032570 seconds 
========================================================================
Received Import Request.
  Time since last request: 0.000096 seconds.
  path: Assets/platformerart_pixelredux_2 /Tiles/tile_0110.png
  artifactKey: Guid(010db4e7ad2f84c8d876d462dd434172) Importer(815301076,1909f56bfc062723c751e8b465ee728b)
Start importing Assets/platformerart_pixelredux_2 /Tiles/tile_0110.png using Guid(010db4e7ad2f84c8d876d462dd434172) Importer(815301076,1909f56bfc062723c751e8b465ee728b)  -> (artifact id: '5436efc3875fcb6d4c1c01ae24ad95d8') in 0.031577 seconds 
========================================================================
Received Import Request.
  Time since last request: 15.537489 seconds.
  path: Assets/platformerart_pixelredux_2 /Tiles/tile_0081.png
  artifactKey: Guid(0a083f5734a7841c898039241f5c7ead) Importer(815301076,1909f56bfc062723c751e8b465ee728b)
Start importing Assets/platformerart_pixelredux_2 /Tiles/tile_0081.png using Guid(0a083f5734a7841c898039241f5c7ead) Importer(815301076,1909f56bfc062723c751e8b465ee728b)  -> (artifact id: 'e91bca02d62643ee1b1657adf5e0f4ee') in 0.044433 seconds 
========================================================================
Received Prepare
Registering precompiled user dll's ...
Registered in 0.007315 seconds.
Begin MonoManager ReloadAssembly
Symbol file LoadedFromMemory doesn't match image /Users/lina_aouadi/Documents/SMB/SuperMarioBros/MyProject/Library/PackageCache/com.unity.visualscripting@1.8.0/Editor/VisualScripting.Core/Dependencies/YamlDotNet/Unity.VisualScripting.YamlDotNet.dll
Symbol file LoadedFromMemory doesn't match image /Users/lina_aouadi/Documents/SMB/SuperMarioBros/MyProject/Library/PackageCache/com.unity.visualscripting@1.8.0/Editor/VisualScripting.Core/Dependencies/DotNetZip/Unity.VisualScripting.IonicZip.dll
Native extension for OSXStandalone target not found
Refreshing native plugins compatible for Editor in 2.71 ms, found 3 plugins.
Preloading 0 native plugins for Editor in 0.00 ms.
Mono: successfully reloaded assembly
- Completed reload, in  3.317 seconds
Domain Reload Profiling:
	ReloadAssembly (3319ms)
		BeginReloadAssembly (462ms)
			ExecutionOrderSort (0ms)
			DisableScriptedObjects (23ms)
			BackupInstance (0ms)
			ReleaseScriptingObjects (0ms)
			CreateAndSetChildDomain (214ms)
		EndReloadAssembly (2609ms)
			LoadAssemblies (215ms)
			RebuildTransferFunctionScriptingTraits (0ms)
			SetupTypeCache (863ms)
			ReleaseScriptCaches (3ms)
			RebuildScriptCaches (191ms)
			SetupLoadedEditorAssemblies (1167ms)
				LogAssemblyErrors (0ms)
				InitializePlatformSupportModulesInManaged (18ms)
				SetLoadedEditorAssemblies (2ms)
				RefreshPlugins (3ms)
				BeforeProcessingInitializeOnLoad (204ms)
				ProcessInitializeOnLoadAttributes (819ms)
				ProcessInitializeOnLoadMethodAttributes (113ms)
				AfterProcessingInitializeOnLoad (8ms)
				EditorAssembliesLoaded (0ms)
			ExecutionOrderSort2 (0ms)
			AwakeInstancesAfterBackupRestoration (19ms)
Platform modules already initialized, skipping
Refreshing native plugins compatible for Editor in 6.88 ms, found 3 plugins.
Preloading 0 native plugins for Editor in 0.00 ms.
Unloading 3729 Unused Serialized files (Serialized files now loaded: 0)
Unloading 22 unused Assets / (22.0 KB). Loaded Objects now: 4240.
Memory consumption went from 146.7 MB to 146.6 MB.
Total: 9.953242 ms (FindLiveObjects: 0.555475 ms CreateObjectMapping: 0.842313 ms MarkObjects: 8.469351 ms  DeleteObjects: 0.084529 ms)

AssetImportParameters requested are different than current active one (requested -> active):
  custom:video-decoder-ogg-theora: a1e56fd34408186e4bbccfd4996cb3dc -> 
  custom:container-muxer-webm: aa71ff27fc2769a1b78a27578f13a17b -> 
  custom:container-demuxer-webm: 4f35f7cbe854078d1ac9338744f61a02 -> 
  custom:video-encoder-webm-vp8: eb34c28f22e8b96e1ab97ce403110664 -> 
  custom:framework-osx-AVFoundation: e770b220cccbd017edd2c1fefb359320 -> 
  custom:audio-encoder-webm-vorbis: bf7c407c2cedff20999df2af8eb42d56 -> 
  custom:container-demuxer-ogg: 62fdf1f143b41e24485cea50d1cbac27 -> 
  custom:video-decoder-webm-vp8: 9c59270c3fd7afecdb556c50c9e8de78 -> 
  custom:audio-decoder-ogg-vorbis: bf7c407c2cedff20999df2af8eb42d56 -> 
